<?xml version="1.0" encoding="utf-8"?><testsuites name="pytest tests"><testsuite name="pytest" errors="0" failures="0" skipped="0" tests="14" time="7.844" timestamp="2026-08-01T18:02:03.357624+00:00" hostname="agent-env-dcac4c9a-a452-4e7e-91a3-cabe34e395d2"><testcase classname="tests.backend_test.TestIter10ActivateOrExtendPlan" name="test_stack_daily_weekly_daily_monthly" time="0.711" /><testcase classname="tests.backend_test.TestIter10ExpiryPruning" name="test_prune_and_shrink_slots" time="0.479" /><testcase classname="tests.backend_test.TestIter10CheckActivePlan" name="test_non_expired_entry_passes" time="0.353" /><testcase classname="tests.backend_test.TestIter10CheckActivePlan" name="test_only_expired_entries_raises_403_and_clears" time="0.313" /><testcase classname="tests.backend_test.TestIter10CheckActivePlan" name="test_lifetime_never_raises" time="0.003" /><testcase classname="tests.backend_test.TestIter10AuthMeShape" name="test_admin_shape" time="0.399" /><testcase classname="tests.backend_test.TestIter10AuthMeShape" name="test_fresh_user_with_2_plans" time="0.350" /><testcase classname="tests.backend_test.TestIter10StreamsAndStatsMaxSlots" name="test_admin_max_slots_3" time="0.110" /><testcase classname="tests.backend_test.TestIter10StreamsAndStatsMaxSlots" name="test_fresh_user_daily_weekly_max_slots_2" time="0.407" /><testcase classname="tests.backend_test.TestIter10StartWithKeySlotEnforcement" name="test_third_stream_blocked_at_2_slots" time="0.390" /><testcase classname="tests.backend_test.TestIter10RazorpayVerifyStacksSamePlan" name="test_same_plan_stacks_duration_only" time="0.307" /><testcase classname="tests.backend_test.TestIter10LegacyMigration" name="test_legacy_future_plan_migrated_on_startup" time="3.638" /><testcase classname="tests.backend_test.TestIter10Regression" name="test_health_still_ok" time="0.071" /><testcase classname="tests.backend_test.TestIter10Regression" name="test_streams_list_has_stream_id_for_admin" time="0.035" /></testsuite></testsuites>