<?xml version="1.0" encoding="utf-8"?><testsuites name="pytest tests"><testsuite name="pytest" errors="0" failures="0" skipped="0" tests="11" time="5.155" timestamp="2026-08-01T09:20:47.697244+00:00" hostname="agent-env-dcac4c9a-a452-4e7e-91a3-cabe34e395d2"><testcase classname="tests.backend_test.TestIter9Health" name="test_health_no_auth_and_shape" time="0.136" /><testcase classname="tests.backend_test.TestIter9StreamsList" name="test_admin_streams_empty_default" time="0.460" /><testcase classname="tests.backend_test.TestIter9StreamsList" name="test_fresh_user_max_slots_is_1" time="0.374" /><testcase classname="tests.backend_test.TestIter9MultiSlot" name="test_multi_slot_count_enforcement_via_seed" time="0.208" /><testcase classname="tests.backend_test.TestIter9MultiSlot" name="test_duplicate_stream_key_returns_409" time="0.207" /><testcase classname="tests.backend_test.TestIter9MultiSlot" name="test_stop_specific_stream_by_id" time="0.287" /><testcase classname="tests.backend_test.TestIter9SingleSlotRegression" name="test_daily_user_2nd_stream_403" time="0.345" /><testcase classname="tests.backend_test.TestIter9FfprobeMetadata" name="test_ffprobe_populated" time="2.743" /><testcase classname="tests.backend_test.TestIter9DashboardStats" name="test_stats_active_live_slots" time="0.131" /><testcase classname="tests.backend_test.TestIter9GSCFile" name="test_gsc_file_reachable" time="0.093" /><testcase classname="tests.backend_test.TestIter9GSCFile" name="test_index_html_meta_gsc_token" time="0.088" /></testsuite></testsuites>