<?xml version="1.0" encoding="utf-8"?><testsuites name="pytest tests"><testsuite name="pytest" errors="0" failures="0" skipped="0" tests="8" time="4.675" timestamp="2026-08-01T07:16:46.776248+00:00" hostname="agent-env-dcac4c9a-a452-4e7e-91a3-cabe34e395d2"><testcase classname="tests.backend_test.TestIter7Idempotency" name="test_duplicate_final_chunk_returns_same_video_id_no_double_row" time="0.795" /><testcase classname="tests.backend_test.TestIter7Idempotency" name="test_status_endpoint_fresh_upload" time="0.405" /><testcase classname="tests.backend_test.TestIter7Idempotency" name="test_status_endpoint_after_partial_chunk" time="0.424" /><testcase classname="tests.backend_test.TestIter7Idempotency" name="test_status_endpoint_after_completion" time="0.456" /><testcase classname="tests.backend_test.TestIter7Idempotency" name="test_offset_retry_does_not_double_write" time="0.463" /><testcase classname="tests.backend_test.TestIter7Idempotency" name="test_unique_index_exists_on_videos" time="0.003" /><testcase classname="tests.backend_test.TestIter7Idempotency" name="test_gatekeeping_still_enforced_on_chunk_endpoint" time="0.382" /><testcase classname="tests.backend_test.TestIter7Idempotency" name="test_concurrent_final_chunks_yield_one_row" time="0.435" /></testsuite></testsuites>