<?xml version="1.0" encoding="utf-8"?><testsuites name="pytest tests"><testsuite name="pytest" errors="0" failures="0" skipped="0" tests="13" time="8.941" timestamp="2026-08-01T08:36:08.066194+00:00" hostname="agent-env-dcac4c9a-a452-4e7e-91a3-cabe34e395d2"><testcase classname="tests.backend_test.TestIter8Thumbnails" name="test_thumbnail_generated_after_upload" time="3.372" /><testcase classname="tests.backend_test.TestIter8ProfileUpdate" name="test_update_name" time="0.810" /><testcase classname="tests.backend_test.TestIter8ProfileUpdate" name="test_update_email_then_revert" time="0.220" /><testcase classname="tests.backend_test.TestIter8ProfileUpdate" name="test_change_password_flow_and_revert" time="2.303" /><testcase classname="tests.backend_test.TestIter8ProfileUpdate" name="test_new_password_without_current_returns_400" time="0.071" /><testcase classname="tests.backend_test.TestIter8Thumbnails" name="test_thumbnail_requires_auth" time="2.542" /><testcase classname="tests.backend_test.TestIter8ProfileUpdate" name="test_new_password_too_short_returns_400" time="0.308" /><testcase classname="tests.backend_test.TestIter8ProfileUpdate" name="test_wrong_current_password_returns_401" time="0.298" /><testcase classname="tests.backend_test.TestIter8Sitemap" name="test_sitemap_reachable" time="0.086" /><testcase classname="tests.backend_test.TestIter8Sitemap" name="test_robots_reachable" time="0.078" /><testcase classname="tests.backend_test.TestIter8Thumbnails" name="test_thumbnail_cross_user_returns_404" time="1.626" /><testcase classname="tests.backend_test.TestIter8AdminLifetime" name="test_admin_me_returns_lifetime_and_3_slots" time="0.042" /><testcase classname="tests.backend_test.TestIter8AdminLifetime" name="test_lifetime_bypasses_plan_expiry_even_if_past" time="0.259" /></testsuite></testsuites>