<?xml version="1.0" encoding="utf-8"?><testsuites name="pytest tests"><testsuite name="pytest" errors="0" failures="0" skipped="0" tests="44" time="6.660" timestamp="2026-07-13T21:36:01.149615+00:00" hostname="agent-env-dcac4c9a-a452-4e7e-91a3-cabe34e395d2"><testcase classname="tests.backend_test.TestAuth" name="test_register_new_user_sets_cookies" time="0.687" /><testcase classname="tests.backend_test.TestVideos" name="test_upload_with_plan_returns_ready_message" time="0.724" /><testcase classname="tests.backend_test.TestAuth" name="test_register_duplicate_email" time="0.403" /><testcase classname="tests.backend_test.TestVideos" name="test_list_videos" time="0.035" /><testcase classname="tests.backend_test.TestVideos" name="test_rename_video" time="0.266" /><testcase classname="tests.backend_test.TestVideos" name="test_rename_nonexistent_video" time="0.076" /><testcase classname="tests.backend_test.TestAuth" name="test_login_admin_success" time="0.301" /><testcase classname="tests.backend_test.TestVideos" name="test_delete_video_and_storage_decrement" time="0.326" /><testcase classname="tests.backend_test.TestAuth" name="test_login_invalid_password" time="0.350" /><testcase classname="tests.backend_test.TestYouTubeNotConfigured" name="test_status_returns_configured_but_not_connected" time="0.032" /><testcase classname="tests.backend_test.TestYouTubeNotConfigured" name="test_authorize_returns_authorization_url" time="0.240" /><testcase classname="tests.backend_test.TestYouTubeNotConfigured" name="test_broadcast_create_without_plan_returns_403" time="0.536" /><testcase classname="tests.backend_test.TestAuth" name="test_auth_me_returns_user" time="0.571" /><testcase classname="tests.backend_test.TestYouTubeNotConfigured" name="test_broadcast_create_with_plan_but_no_youtube_account_returns_400" time="0.071" /><testcase classname="tests.backend_test.TestYouTubeNotConfigured" name="test_youtube_disconnect_no_op_ok" time="0.076" /><testcase classname="tests.backend_test.TestAuth" name="test_auth_me_unauthenticated" time="0.125" /><testcase classname="tests.backend_test.TestKeyActivation" name="test_start_with_key_without_plan_returns_gatekeep" time="0.042" /><testcase classname="tests.backend_test.TestAuth" name="test_logout_clears_cookies" time="0.739" /><testcase classname="tests.backend_test.TestKeyActivation" name="test_start_with_key_empty_stream_key_returns_400" time="0.607" /><testcase classname="tests.backend_test.TestKeyActivation" name="test_start_with_key_missing_video_returns_404" time="0.076" /><testcase classname="tests.backend_test.TestKeyActivation" name="test_stop_stream_no_active_returns_404" time="0.116" /><testcase classname="tests.backend_test.TestKeyActivation" name="test_start_with_key_success_and_stop" time="1.450" /><testcase classname="tests.backend_test.TestGatekeeping" name="test_video_upload_without_plan_returns_403_with_exact_message" time="0.379" /><testcase classname="tests.backend_test.TestGatekeeping" name="test_live_slot_get_without_plan_returns_403" time="0.075" /><testcase classname="tests.backend_test.TestGatekeeping" name="test_live_slot_start_without_plan_returns_403" time="0.074" /><testcase classname="tests.backend_test.TestBillings" name="test_current_plan_admin" time="0.030" /><testcase classname="tests.backend_test.TestBillings" name="test_current_plan_no_plan" time="0.072" /><testcase classname="tests.backend_test.TestBillings" name="test_transactions" time="0.071" /><testcase classname="tests.backend_test.TestLiveSlotWithPlan" name="test_get_live_slot_returns_default" time="0.071" /><testcase classname="tests.backend_test.TestLiveSlotWithPlan" name="test_start_without_videos_returns_400" time="0.061" /><testcase classname="tests.backend_test.TestLiveSlotWithPlan" name="test_start_stop_with_video" time="0.212" /><testcase classname="tests.backend_test.TestStorageEnforcement" name="test_upload_returns_ready_and_increments_storage" time="0.164" /><testcase classname="tests.backend_test.TestStorageEnforcement" name="test_incremental_2gb_limit_rejects_upload" time="0.162" /><testcase classname="tests.backend_test.TestStripeWebhook" name="test_missing_signature_returns_400" time="0.071" /><testcase classname="tests.backend_test.TestStripeWebhook" name="test_invalid_signature_returns_400" time="0.080" /><testcase classname="tests.backend_test.TestPayments" name="test_checkout_session_creation_returns_session_and_url" time="0.842" /><testcase classname="tests.backend_test.TestIdempotentActivation" name="test_activate_plan_is_idempotent" time="0.344" /><testcase classname="tests.backend_test.TestIdempotentActivation" name="test_activate_plan_not_paid_no_op" time="0.001" /><testcase classname="tests.backend_test.TestDashboard" name="test_stats_admin" time="0.415" /><testcase classname="tests.backend_test.TestDashboard" name="test_stats_fresh_user" time="0.076" /><testcase classname="tests.backend_test.TestPayments" name="test_checkout_status" time="0.425" /><testcase classname="tests.backend_test.TestStorageLimit" name="test_max_storage_env_is_2gb" time="0.000" /><testcase classname="tests.backend_test.TestSupport" name="test_create_ticket" time="0.390" /><testcase classname="tests.backend_test.TestPayments" name="test_invalid_plan_returns_400" time="0.076" /></testsuite></testsuites>